YunGou/app/build/outputs/logs/manifest-merger-debug-report.txt
-- Merging decision tree log ---
manifest
ADDED from src\main\AndroidManifest.xml:2:1-179:12
	package
		ADDED from src\main\AndroidManifest.xml:3:5-31
		INJECTED from src\main\AndroidManifest.xml
		INJECTED from src\main\AndroidManifest.xml
	android:versionName
		ADDED from src\main\AndroidManifest.xml:5:5-30
		INJECTED from src\main\AndroidManifest.xml
		INJECTED from src\main\AndroidManifest.xml
	android:versionCode
		ADDED from src\main\AndroidManifest.xml:4:5-28
		INJECTED from src\main\AndroidManifest.xml
		INJECTED from src\main\AndroidManifest.xml
	xmlns:android
		ADDED from src\main\AndroidManifest.xml:2:11-69
uses-sdk
ADDED from src\main\AndroidManifest.xml:7:5-9:41
MERGED from [com.android.support:support-v4:24.2.1] AndroidManifest.xml:21:5-23:54
MERGED from [com.android.support:support-compat:24.2.1] AndroidManifest.xml:21:5-23:58
MERGED from [com.android.support:support-media-compat:24.2.1] AndroidManifest.xml:21:5-23:63
MERGED from [com.android.support:support-compat:24.2.1] AndroidManifest.xml:21:5-23:58
MERGED from [com.android.support:support-core-utils:24.2.1] AndroidManifest.xml:21:5-23:61
MERGED from [com.android.support:support-compat:24.2.1] AndroidManifest.xml:21:5-23:58
MERGED from [com.android.support:support-core-ui:24.2.1] AndroidManifest.xml:21:5-23:58
MERGED from [com.android.support:support-compat:24.2.1] AndroidManifest.xml:21:5-23:58
MERGED from [com.android.support:support-fragment:24.2.1] AndroidManifest.xml:21:5-23:60
MERGED from [com.android.support:support-compat:24.2.1] AndroidManifest.xml:21:5-23:58
MERGED from [com.android.support:support-media-compat:24.2.1] AndroidManifest.xml:21:5-23:63
MERGED from [com.android.support:support-compat:24.2.1] AndroidManifest.xml:21:5-23:58
MERGED from [com.android.support:support-core-ui:24.2.1] AndroidManifest.xml:21:5-23:58
MERGED from [com.android.support:support-compat:24.2.1] AndroidManifest.xml:21:5-23:58
MERGED from [com.android.support:support-core-utils:24.2.1] AndroidManifest.xml:21:5-23:61
MERGED from [com.android.support:support-compat:24.2.1] AndroidManifest.xml:21:5-23:58
MERGED from [YunGou:iapppay_res:unspecified] AndroidManifest.xml:7:5-9:41
MERGED from [com.android.support:appcompat-v7:24.2.1] AndroidManifest.xml:21:5-23:78
MERGED from [com.android.support:support-v4:24.2.1] AndroidManifest.xml:21:5-23:54
MERGED from [com.android.support:support-compat:24.2.1] AndroidManifest.xml:21:5-23:58
MERGED from [com.android.support:support-media-compat:24.2.1] AndroidManifest.xml:21:5-23:63
MERGED from [com.android.support:support-compat:24.2.1] AndroidManifest.xml:21:5-23:58
MERGED from [com.android.support:support-core-utils:24.2.1] AndroidManifest.xml:21:5-23:61
MERGED from [com.android.support:support-compat:24.2.1] AndroidManifest.xml:21:5-23:58
MERGED from [com.android.support:support-core-ui:24.2.1] AndroidManifest.xml:21:5-23:58
MERGED from [com.android.support:support-compat:24.2.1] AndroidManifest.xml:21:5-23:58
MERGED from [com.android.support:support-fragment:24.2.1] AndroidManifest.xml:21:5-23:60
MERGED from [com.android.support:support-compat:24.2.1] AndroidManifest.xml:21:5-23:58
MERGED from [com.android.support:support-media-compat:24.2.1] AndroidManifest.xml:21:5-23:63
MERGED from [com.android.support:support-compat:24.2.1] AndroidManifest.xml:21:5-23:58
MERGED from [com.android.support:support-core-ui:24.2.1] AndroidManifest.xml:21:5-23:58
MERGED from [com.android.support:support-compat:24.2.1] AndroidManifest.xml:21:5-23:58
MERGED from [com.android.support:support-core-utils:24.2.1] AndroidManifest.xml:21:5-23:61
MERGED from [com.android.support:support-compat:24.2.1] AndroidManifest.xml:21:5-23:58
MERGED from [com.android.support:support-vector-drawable:24.2.1] AndroidManifest.xml:21:5-43
MERGED from [com.android.support:support-compat:24.2.1] AndroidManifest.xml:21:5-23:58
MERGED from [com.android.support:animated-vector-drawable:24.2.1] AndroidManifest.xml:20:5-44
MERGED from [com.android.support:support-vector-drawable:24.2.1] AndroidManifest.xml:21:5-43
MERGED from [com.android.support:support-compat:24.2.1] AndroidManifest.xml:21:5-23:58
	tools:overrideLibrary
		ADDED from [com.android.support:support-v4:24.2.1] AndroidManifest.xml:23:9-51
	android:targetSdkVersion
		ADDED from src\main\AndroidManifest.xml:9:9-38
		INJECTED from src\main\AndroidManifest.xml
		INJECTED from src\main\AndroidManifest.xml
	android:minSdkVersion
		ADDED from src\main\AndroidManifest.xml:8:9-35
		INJECTED from src\main\AndroidManifest.xml
		INJECTED from src\main\AndroidManifest.xml
uses-permission#android.permission.INTERNET
ADDED from src\main\AndroidManifest.xml:11:5-67
	android:name
		ADDED from src\main\AndroidManifest.xml:11:22-64
uses-permission#android.permission.WRITE_EXTERNAL_STORAGE
ADDED from src\main\AndroidManifest.xml:12:5-81
	android:name
		ADDED from src\main\AndroidManifest.xml:12:22-78
uses-permission#android.permission.READ_PHONE_STATE
ADDED from src\main\AndroidManifest.xml:13:5-75
	android:name
		ADDED from src\main\AndroidManifest.xml:13:22-72
uses-permission#android.permission.READ_EXTERNAL_STORAGE
ADDED from src\main\AndroidManifest.xml:14:5-80
	android:name
		ADDED from src\main\AndroidManifest.xml:14:22-77
uses-permission#android.permission.MOUNT_UNMOUNT_FILESYSTEMS
ADDED from src\main\AndroidManifest.xml:15:5-84
	android:name
		ADDED from src\main\AndroidManifest.xml:15:22-81
uses-permission#android.permission.ACCESS_NETWORK_STATE
ADDED from src\main\AndroidManifest.xml:16:5-79
	android:name
		ADDED from src\main\AndroidManifest.xml:16:22-76
uses-permission#android.permission.CHANGE_NETWORK_STATE
ADDED from src\main\AndroidManifest.xml:17:5-79
	android:name
		ADDED from src\main\AndroidManifest.xml:17:22-76
uses-permission#android.permission.ACCESS_WIFI_STATE
ADDED from src\main\AndroidManifest.xml:19:5-76
	android:name
		ADDED from src\main\AndroidManifest.xml:19:22-73
uses-permission#android.permission.SEND_SMS
ADDED from src\main\AndroidManifest.xml:22:5-67
	android:name
		ADDED from src\main\AndroidManifest.xml:22:22-64
uses-permission#android.permission.VIBRATE
ADDED from src\main\AndroidManifest.xml:25:5-66
	android:name
		ADDED from src\main\AndroidManifest.xml:25:22-63
uses-permission#android.permission.CALL_PHONE
ADDED from src\main\AndroidManifest.xml:26:5-69
	android:name
		ADDED from src\main\AndroidManifest.xml:26:22-66
uses-permission#android.permission.GET_PACKAGE_SIZE
ADDED from src\main\AndroidManifest.xml:27:5-75
	android:name
		ADDED from src\main\AndroidManifest.xml:27:22-72
uses-permission#android.permission.WRITE_SETTINGS
ADDED from src\main\AndroidManifest.xml:28:5-73
	android:name
		ADDED from src\main\AndroidManifest.xml:28:22-70
uses-permission#android.permission.READ_SMS
ADDED from src\main\AndroidManifest.xml:31:5-67
	android:name
		ADDED from src\main\AndroidManifest.xml:31:22-64
uses-permission#android.permission.WRITE_SMS
ADDED from src\main\AndroidManifest.xml:32:5-68
	android:name
		ADDED from src\main\AndroidManifest.xml:32:22-65
uses-permission#android.permission.RECEIVE_SMS
ADDED from src\main\AndroidManifest.xml:33:5-70
	android:name
		ADDED from src\main\AndroidManifest.xml:33:22-67
application
ADDED from src\main\AndroidManifest.xml:34:5-177:19
MERGED from [com.android.support:support-v4:24.2.1] AndroidManifest.xml:25:5-20
MERGED from [com.android.support:support-compat:24.2.1] AndroidManifest.xml:25:5-20
MERGED from [com.android.support:support-media-compat:24.2.1] AndroidManifest.xml:25:5-20
MERGED from [com.android.support:support-compat:24.2.1] AndroidManifest.xml:25:5-20
MERGED from [com.android.support:support-core-utils:24.2.1] AndroidManifest.xml:25:5-20
MERGED from [com.android.support:support-compat:24.2.1] AndroidManifest.xml:25:5-20
MERGED from [com.android.support:support-core-ui:24.2.1] AndroidManifest.xml:25:5-20
MERGED from [com.android.support:support-compat:24.2.1] AndroidManifest.xml:25:5-20
MERGED from [com.android.support:support-fragment:24.2.1] AndroidManifest.xml:25:5-20
MERGED from [com.android.support:support-compat:24.2.1] AndroidManifest.xml:25:5-20
MERGED from [com.android.support:support-media-compat:24.2.1] AndroidManifest.xml:25:5-20
MERGED from [com.android.support:support-compat:24.2.1] AndroidManifest.xml:25:5-20
MERGED from [com.android.support:support-core-ui:24.2.1] AndroidManifest.xml:25:5-20
MERGED from [com.android.support:support-compat:24.2.1] AndroidManifest.xml:25:5-20
MERGED from [com.android.support:support-core-utils:24.2.1] AndroidManifest.xml:25:5-20
MERGED from [com.android.support:support-compat:24.2.1] AndroidManifest.xml:25:5-20
MERGED from [com.android.support:appcompat-v7:24.2.1] AndroidManifest.xml:25:5-20
MERGED from [com.android.support:support-v4:24.2.1] AndroidManifest.xml:25:5-20
MERGED from [com.android.support:support-compat:24.2.1] AndroidManifest.xml:25:5-20
MERGED from [com.android.support:support-media-compat:24.2.1] AndroidManifest.xml:25:5-20
MERGED from [com.android.support:support-compat:24.2.1] AndroidManifest.xml:25:5-20
MERGED from [com.android.support:support-core-utils:24.2.1] AndroidManifest.xml:25:5-20
MERGED from [com.android.support:support-compat:24.2.1] AndroidManifest.xml:25:5-20
MERGED from [com.android.support:support-core-ui:24.2.1] AndroidManifest.xml:25:5-20
MERGED from [com.android.support:support-compat:24.2.1] AndroidManifest.xml:25:5-20
MERGED from [com.android.support:support-fragment:24.2.1] AndroidManifest.xml:25:5-20
MERGED from [com.android.support:support-compat:24.2.1] AndroidManifest.xml:25:5-20
MERGED from [com.android.support:support-media-compat:24.2.1] AndroidManifest.xml:25:5-20
MERGED from [com.android.support:support-compat:24.2.1] AndroidManifest.xml:25:5-20
MERGED from [com.android.support:support-core-ui:24.2.1] AndroidManifest.xml:25:5-20
MERGED from [com.android.support:support-compat:24.2.1] AndroidManifest.xml:25:5-20
MERGED from [com.android.support:support-core-utils:24.2.1] AndroidManifest.xml:25:5-20
MERGED from [com.android.support:support-compat:24.2.1] AndroidManifest.xml:25:5-20
MERGED from [com.android.support:support-vector-drawable:24.2.1] AndroidManifest.xml:23:5-20
MERGED from [com.android.support:support-compat:24.2.1] AndroidManifest.xml:25:5-20
MERGED from [com.android.support:animated-vector-drawable:24.2.1] AndroidManifest.xml:22:5-20
MERGED from [com.android.support:support-vector-drawable:24.2.1] AndroidManifest.xml:23:5-20
MERGED from [com.android.support:support-compat:24.2.1] AndroidManifest.xml:25:5-20
	android:label
		ADDED from src\main\AndroidManifest.xml:38:9-41
	android:allowBackup
		ADDED from src\main\AndroidManifest.xml:36:9-35
	android:icon
		ADDED from src\main\AndroidManifest.xml:37:9-38
	android:theme
		ADDED from src\main\AndroidManifest.xml:39:9-68
	android:name
		ADDED from src\main\AndroidManifest.xml:35:9-42
activity#com.haoqi.yungou.Activity.SplashActivity
ADDED from src\main\AndroidManifest.xml:40:9-48:20
	android:label
		ADDED from src\main\AndroidManifest.xml:42:13-45
	android:name
		ADDED from src\main\AndroidManifest.xml:41:13-52
intent-filter#android.intent.action.MAIN+android.intent.category.LAUNCHER
ADDED from src\main\AndroidManifest.xml:43:13-47:29
action#android.intent.action.MAIN
ADDED from src\main\AndroidManifest.xml:44:17-69
	android:name
		ADDED from src\main\AndroidManifest.xml:44:25-66
category#android.intent.category.LAUNCHER
ADDED from src\main\AndroidManifest.xml:46:17-77
	android:name
		ADDED from src\main\AndroidManifest.xml:46:27-74
activity#com.haoqi.yungou.Activity.user.LoginActivity
ADDED from src\main\AndroidManifest.xml:49:9-54:55
	android:launchMode
		ADDED from src\main\AndroidManifest.xml:52:13-44
	android:windowSoftInputMode
		ADDED from src\main\AndroidManifest.xml:54:13-52
	android:configChanges
		ADDED from src\main\AndroidManifest.xml:51:13-63
	android:theme
		ADDED from src\main\AndroidManifest.xml:53:13-47
	android:name
		ADDED from src\main\AndroidManifest.xml:50:13-56
activity#com.haoqi.yungou.Activity.SettingActivity
ADDED from src\main\AndroidManifest.xml:55:9-62
	android:name
		ADDED from src\main\AndroidManifest.xml:55:19-59
activity#com.haoqi.yungou.Activity.MainActivity
ADDED from src\main\AndroidManifest.xml:56:9-59
	android:name
		ADDED from src\main\AndroidManifest.xml:56:19-56
activity#com.haoqi.yungou.Activity.EditInfoAcitivity
ADDED from src\main\AndroidManifest.xml:57:9-59:86
	android:configChanges
		ADDED from src\main\AndroidManifest.xml:59:13-83
	android:name
		ADDED from src\main\AndroidManifest.xml:58:13-55
activity#com.haoqi.yungou.Activity.GoodsDetailActivity
ADDED from src\main\AndroidManifest.xml:60:9-66
	android:name
		ADDED from src\main\AndroidManifest.xml:60:19-63
activity#com.haoqi.yungou.Activity.user.RegisterActivity
ADDED from src\main\AndroidManifest.xml:61:9-68
	android:name
		ADDED from src\main\AndroidManifest.xml:61:19-65
activity#com.haoqi.yungou.Activity.SearchActivity
ADDED from src\main\AndroidManifest.xml:62:9-65:55
	android:windowSoftInputMode
		ADDED from src\main\AndroidManifest.xml:65:13-52
	android:configChanges
		ADDED from src\main\AndroidManifest.xml:64:13-63
	android:name
		ADDED from src\main\AndroidManifest.xml:63:13-52
activity#com.haoqi.yungou.Activity.AddressActivity
ADDED from src\main\AndroidManifest.xml:66:9-62
	android:name
		ADDED from src\main\AndroidManifest.xml:66:19-59
activity#com.haoqi.yungou.Activity.EditAdressActivity
ADDED from src\main\AndroidManifest.xml:67:9-65
	android:name
		ADDED from src\main\AndroidManifest.xml:67:19-62
activity#com.haoqi.yungou.Activity.user.HelpCenterActivity
ADDED from src\main\AndroidManifest.xml:68:9-70
	android:name
		ADDED from src\main\AndroidManifest.xml:68:19-67
activity#com.haoqi.yungou.Activity.FeedBackActivity
ADDED from src\main\AndroidManifest.xml:69:9-63
	android:name
		ADDED from src\main\AndroidManifest.xml:69:19-60
activity#com.haoqi.yungou.Activity.AlterNicknameActivity
ADDED from src\main\AndroidManifest.xml:70:9-68
	android:name
		ADDED from src\main\AndroidManifest.xml:70:19-65
activity#com.haoqi.yungou.Activity.MyCloundHistoryActivity
ADDED from src\main\AndroidManifest.xml:71:9-70
	android:name
		ADDED from src\main\AndroidManifest.xml:71:19-67
activity#com.haoqi.yungou.Activity.WebGoodsInfoActivity
ADDED from src\main\AndroidManifest.xml:72:9-67
	android:name
		ADDED from src\main\AndroidManifest.xml:72:19-64
activity#com.haoqi.yungou.Activity.PayActivity
ADDED from src\main\AndroidManifest.xml:73:9-58
	android:name
		ADDED from src\main\AndroidManifest.xml:73:19-55
activity#com.haoqi.yungou.Activity.CloundsDetailActivity
ADDED from src\main\AndroidManifest.xml:74:9-68
	android:name
		ADDED from src\main\AndroidManifest.xml:74:19-65
activity#com.haoqi.yungou.Activity.ObtainGoodsActivity
ADDED from src\main\AndroidManifest.xml:75:9-66
	android:name
		ADDED from src\main\AndroidManifest.xml:75:19-63
activity#com.haoqi.yungou.Activity.user.AccountDetailActivity
ADDED from src\main\AndroidManifest.xml:76:9-73
	android:name
		ADDED from src\main\AndroidManifest.xml:76:19-70
activity#com.haoqi.yungou.Activity.JoinRecordActivity
ADDED from src\main\AndroidManifest.xml:77:9-65
	android:name
		ADDED from src\main\AndroidManifest.xml:77:19-62
activity#com.haoqi.yungou.Activity.MyShaidanListActivity
ADDED from src\main\AndroidManifest.xml:78:9-68
	android:name
		ADDED from src\main\AndroidManifest.xml:78:19-65
activity#com.haoqi.yungou.Activity.ShaidanActivity
ADDED from src\main\AndroidManifest.xml:79:9-62
	android:name
		ADDED from src\main\AndroidManifest.xml:79:19-59
activity#com.haoqi.yungou.Activity.AlbumActivity
ADDED from src\main\AndroidManifest.xml:80:9-60
	android:name
		ADDED from src\main\AndroidManifest.xml:80:19-57
activity#com.haoqi.yungou.Activity.ShowImageActivity
ADDED from src\main\AndroidManifest.xml:81:9-64
	android:name
		ADDED from src\main\AndroidManifest.xml:81:19-61
activity#com.haoqi.yungou.Activity.GalleryActivity
ADDED from src\main\AndroidManifest.xml:82:9-62
	android:name
		ADDED from src\main\AndroidManifest.xml:82:19-59
activity#com.haoqi.yungou.Activity.ShaidanDetailActivity
ADDED from src\main\AndroidManifest.xml:83:9-68
	android:name
		ADDED from src\main\AndroidManifest.xml:83:19-65
activity#com.haoqi.yungou.Activity.ShaidanListActivity
ADDED from src\main\AndroidManifest.xml:84:9-66
	android:name
		ADDED from src\main\AndroidManifest.xml:84:19-63
activity#com.haoqi.yungou.Activity.SearchListActivity
ADDED from src\main\AndroidManifest.xml:85:9-88:55
	android:windowSoftInputMode
		ADDED from src\main\AndroidManifest.xml:88:13-52
	android:configChanges
		ADDED from src\main\AndroidManifest.xml:87:13-63
	android:name
		ADDED from src\main\AndroidManifest.xml:86:13-56
activity#com.haoqi.yungou.Activity.ShaidanCommontActivity
ADDED from src\main\AndroidManifest.xml:89:9-69
	android:name
		ADDED from src\main\AndroidManifest.xml:89:19-66
activity#com.haoqi.yungou.Activity.LimitGoodsActivity
ADDED from src\main\AndroidManifest.xml:90:9-65
	android:name
		ADDED from src\main\AndroidManifest.xml:90:19-62
activity#com.haoqi.yungou.Activity.AddAddressActivity
ADDED from src\main\AndroidManifest.xml:91:9-65
	android:name
		ADDED from src\main\AndroidManifest.xml:91:19-62
activity#com.haoqi.yungou.Activity.CommonActivity
ADDED from src\main\AndroidManifest.xml:92:9-61
	android:name
		ADDED from src\main\AndroidManifest.xml:92:19-58
activity#com.haoqi.yungou.Activity.SafeSetActivity
ADDED from src\main\AndroidManifest.xml:93:9-62
	android:name
		ADDED from src\main\AndroidManifest.xml:93:19-59
activity#com.haoqi.yungou.Activity.RechargeActivity
ADDED from src\main\AndroidManifest.xml:94:9-63
	android:name
		ADDED from src\main\AndroidManifest.xml:94:19-60
activity#com.haoqi.yungou.Activity.AllCodeActivity
ADDED from src\main\AndroidManifest.xml:95:9-62
	android:name
		ADDED from src\main\AndroidManifest.xml:95:19-59
activity#com.haoqi.yungou.Activity.ChecklogisticsActivity
ADDED from src\main\AndroidManifest.xml:96:9-69
	android:name
		ADDED from src\main\AndroidManifest.xml:96:19-66
activity#com.haoqi.yungou.Activity.user.AboutActivity
ADDED from src\main\AndroidManifest.xml:97:9-65
	android:name
		ADDED from src\main\AndroidManifest.xml:97:19-62
activity#com.haoqi.yungou.Activity.ForgetPwdActivity
ADDED from src\main\AndroidManifest.xml:98:9-64
	android:name
		ADDED from src\main\AndroidManifest.xml:98:19-61
activity#com.haoqi.yungou.Activity.user.ModifyPwdActivity
ADDED from src\main\AndroidManifest.xml:99:9-68
	android:name
		ADDED from src\main\AndroidManifest.xml:99:19-66
activity#com.iapppay.pay.channel.weixinpay.WeixinWapPayActivity
ADDED from src\main\AndroidManifest.xml:103:9-106:64
	android:configChanges
		ADDED from src\main\AndroidManifest.xml:105:13-95
	android:theme
		ADDED from src\main\AndroidManifest.xml:106:13-61
	android:name
		ADDED from src\main\AndroidManifest.xml:104:13-82
activity#com.iapppay.ui.activity.ServiceCenterActivity
ADDED from src\main\AndroidManifest.xml:107:9-110:75
	android:configChanges
		ADDED from src\main\AndroidManifest.xml:109:13-95
	android:theme
		ADDED from src\main\AndroidManifest.xml:110:13-72
	android:name
		ADDED from src\main\AndroidManifest.xml:108:13-73
activity#com.iapppay.ui.activity.normalpay.PayHubActivity
ADDED from src\main\AndroidManifest.xml:113:9-117:20
	android:configChanges
		ADDED from src\main\AndroidManifest.xml:115:13-95
	android:theme
		ADDED from src\main\AndroidManifest.xml:116:13-72
	android:name
		ADDED from src\main\AndroidManifest.xml:114:13-76
activity#com.iapppay.pay.channel.gamepay.GamepayActivity
ADDED from src\main\AndroidManifest.xml:120:9-125:20
	android:launchMode
		ADDED from src\main\AndroidManifest.xml:123:13-44
	android:configChanges
		ADDED from src\main\AndroidManifest.xml:122:13-95
	android:theme
		ADDED from src\main\AndroidManifest.xml:124:13-72
	android:name
		ADDED from src\main\AndroidManifest.xml:121:13-75
activity#com.iapppay.pay.channel.unionpay.UpPayResultActivity
ADDED from src\main\AndroidManifest.xml:128:9-131:64
	android:configChanges
		ADDED from src\main\AndroidManifest.xml:130:13-63
	android:theme
		ADDED from src\main\AndroidManifest.xml:131:13-61
	android:name
		ADDED from src\main\AndroidManifest.xml:129:13-80
uses-library#org.simalliance.openmobileapi
ADDED from src\main\AndroidManifest.xml:134:9-136:40
	android:required
		ADDED from src\main\AndroidManifest.xml:136:13-37
	android:name
		ADDED from src\main\AndroidManifest.xml:135:13-57
activity#com.unionpay.uppay.PayActivity
ADDED from src\main\AndroidManifest.xml:138:9-143:52
	android:screenOrientation
		ADDED from src\main\AndroidManifest.xml:143:13-49
	android:label
		ADDED from src\main\AndroidManifest.xml:142:13-45
	android:excludeFromRecents
		ADDED from src\main\AndroidManifest.xml:141:13-46
	android:configChanges
		ADDED from src\main\AndroidManifest.xml:140:13-74
	android:name
		ADDED from src\main\AndroidManifest.xml:139:13-58
activity#com.alipay.sdk.app.H5PayActivity
ADDED from src\main\AndroidManifest.xml:147:9-153:20
	android:screenOrientation
		ADDED from src\main\AndroidManifest.xml:151:13-47
	android:exported
		ADDED from src\main\AndroidManifest.xml:150:13-37
	android:windowSoftInputMode
		ADDED from src\main\AndroidManifest.xml:152:13-67
	android:configChanges
		ADDED from src\main\AndroidManifest.xml:149:13-74
	android:name
		ADDED from src\main\AndroidManifest.xml:148:13-60
activity#com.alipay.sdk.auth.AuthActivity
ADDED from src\main\AndroidManifest.xml:154:9-159:20
	android:screenOrientation
		ADDED from src\main\AndroidManifest.xml:158:13-47
	android:exported
		ADDED from src\main\AndroidManifest.xml:157:13-37
	android:configChanges
		ADDED from src\main\AndroidManifest.xml:156:13-74
	android:name
		ADDED from src\main\AndroidManifest.xml:155:13-60
activity#com.iapppay.pay.channel.tenpay.wap.TenpayWapPayActivity
ADDED from src\main\AndroidManifest.xml:163:9-166:64
	android:configChanges
		ADDED from src\main\AndroidManifest.xml:165:13-95
	android:theme
		ADDED from src\main\AndroidManifest.xml:166:13-61
	android:name
		ADDED from src\main\AndroidManifest.xml:164:13-83
activity#com.iapppay.pay.channel.tenpay.wap.WebActivity
ADDED from src\main\AndroidManifest.xml:167:9-171:20
	android:configChanges
		ADDED from src\main\AndroidManifest.xml:169:13-95
	android:theme
		ADDED from src\main\AndroidManifest.xml:170:13-72
	android:name
		ADDED from src\main\AndroidManifest.xml:168:13-74
activity#com.haoqi.yungou.wxapi.WXEntryActivity
ADDED from src\main\AndroidManifest.xml:173:9-176:20
	android:label
		ADDED from src\main\AndroidManifest.xml:174:13-45
	android:exported
		ADDED from src\main\AndroidManifest.xml:175:13-36
	android:name
		ADDED from src\main\AndroidManifest.xml:173:19-56